<?xml version="1.0" encoding="UTF-8"?>
<!-- Generated by org.testng.reporters.JUnitReportReporter -->
<testsuite hostname="DESKTOP-32CGL9C" failures="0" tests="1" name="testCases.TC002_LoginTest" time="2.686" errors="0" timestamp="2025-05-28T14:42:29 EDT" skipped="0">
  <testcase classname="testCases.TC002_LoginTest" name="verify_login" time="2.686"/>
</testsuite> <!-- testCases.TC002_LoginTest -->
